<?xml version="1.0" encoding="UTF-8"?>
<!-- Generated by org.testng.reporters.JUnitXMLReporter -->
<testsuite ignored="2" hostname="Dell3568i37thgen" failures="0" tests="1" name="chrome" time="123.824" errors="0" timestamp="2022-05-21T13:35:49 IST">
  <testcase classname="com.vtiger.compaignsTest.CreateCampaignwithProductTest" name="createCampaignProductTest" time="70.521"/>
  <testcase classname="com.sdet34l1.genericUtility.BaseClass" name="@BeforeSuite beforesuitetest" time="0.0">
    <ignored/>
  </testcase> <!-- @BeforeSuite beforesuitetest -->
  <testcase classname="com.sdet34l1.genericUtility.BaseClass" name="@AfterSuite aftersuite1Test" time="0.0">
    <ignored/>
  </testcase> <!-- @AfterSuite aftersuite1Test -->
</testsuite> <!-- chrome -->
