<?xml version="1.0" encoding="UTF-8"?>
<!-- Generated by org.testng.reporters.JUnitXMLReporter -->
<testsuite ignored="0" hostname="Dell3568i37thgen" failures="0" tests="5" name="Test2" time="0.143" errors="0" timestamp="2022-05-17T11:03:24 IST">
  <testcase classname="com.testngPractice.TestNgPractice2Test" name="practice1Test" time="0.01"/>
  <testcase classname="com.testngPractice.TestNgPractice2Test" name="practice2Test" time="0.014"/>
  <testcase classname="com.testngPractice.TestNgPractice2Test" name="practice3Test" time="0.012"/>
  <testcase classname="com.testngPractice.PracticeTest" name="practiceTest" time="0.01"/>
  <testcase classname="com.testngPractice.PracticeTest" name="practiceTest1" time="0.005"/>
</testsuite> <!-- Test2 -->
