<?xml version="1.0" encoding="UTF-8"?>
<testng-results ignored="0" total="1" passed="1" failed="0" skipped="0">
  <reporter-output>
  </reporter-output>
  <suite started-at="2022-05-26T17:31:25 IST" name="Default suite" finished-at="2022-05-26T17:32:25 IST" duration-ms="59570">
    <groups>
    </groups>
    <test started-at="2022-05-26T17:31:25 IST" name="Default test" finished-at="2022-05-26T17:32:25 IST" duration-ms="59570">
      <class name="com.vtiger.compaignsTest.CreateCampaignNameTest">
        <test-method is-config="true" signature="beforesuitetest()[pri:0, instance:com.vtiger.compaignsTest.CreateCampaignNameTest@25b5c5e3]" started-at="2022-05-26T17:31:23 IST" name="beforesuitetest" finished-at="2022-05-26T17:31:25 IST" duration-ms="1991" status="PASS">
          <reporter-output>
          </reporter-output>
        </test-method> <!-- beforesuitetest -->
        <test-method is-config="true" signature="beforeClassTest()[pri:0, instance:com.vtiger.compaignsTest.CreateCampaignNameTest@25b5c5e3]" started-at="2022-05-26T17:31:25 IST" name="beforeClassTest" finished-at="2022-05-26T17:31:40 IST" duration-ms="14453" status="PASS">
          <reporter-output>
          </reporter-output>
        </test-method> <!-- beforeClassTest -->
        <test-method is-config="true" signature="beforeMethod1Test()[pri:0, instance:com.vtiger.compaignsTest.CreateCampaignNameTest@25b5c5e3]" started-at="2022-05-26T17:31:40 IST" name="beforeMethod1Test" finished-at="2022-05-26T17:31:53 IST" duration-ms="13016" status="PASS">
          <reporter-output>
          </reporter-output>
        </test-method> <!-- beforeMethod1Test -->
        <test-method signature="createCampaignTest()[pri:0, instance:com.vtiger.compaignsTest.CreateCampaignNameTest@25b5c5e3]" started-at="2022-05-26T17:31:54 IST" name="createCampaignTest" finished-at="2022-05-26T17:32:21 IST" duration-ms="27071" status="PASS">
          <reporter-output>
          </reporter-output>
        </test-method> <!-- createCampaignTest -->
        <test-method is-config="true" signature="afterMethod1Test()[pri:0, instance:com.vtiger.compaignsTest.CreateCampaignNameTest@25b5c5e3]" started-at="2022-05-26T17:32:21 IST" name="afterMethod1Test" finished-at="2022-05-26T17:32:24 IST" duration-ms="3109" status="PASS">
          <reporter-output>
          </reporter-output>
        </test-method> <!-- afterMethod1Test -->
        <test-method is-config="true" signature="afterClass1()[pri:0, instance:com.vtiger.compaignsTest.CreateCampaignNameTest@25b5c5e3]" started-at="2022-05-26T17:32:24 IST" name="afterClass1" finished-at="2022-05-26T17:32:25 IST" duration-ms="1026" status="PASS">
          <reporter-output>
          </reporter-output>
        </test-method> <!-- afterClass1 -->
        <test-method is-config="true" signature="aftersuite1Test()[pri:0, instance:com.vtiger.compaignsTest.CreateCampaignNameTest@25b5c5e3]" started-at="2022-05-26T17:32:25 IST" name="aftersuite1Test" finished-at="2022-05-26T17:32:25 IST" duration-ms="1" status="PASS">
          <reporter-output>
          </reporter-output>
        </test-method> <!-- aftersuite1Test -->
      </class> <!-- com.vtiger.compaignsTest.CreateCampaignNameTest -->
    </test> <!-- Default test -->
  </suite> <!-- Default suite -->
</testng-results>
